<?xml version="1.0" encoding="UTF-8"?>
<testsuite name="suite.desktop.DesktopTest" tests="2" skipped="0" failures="0" errors="0" timestamp="2023-03-30T12:14:33" hostname="laptop" time="0.006">
  <properties/>
  <testcase name="addTest()" classname="suite.desktop.DesktopTest" time="0.002"/>
  <testcase name="test1()" classname="suite.desktop.DesktopTest" time="0.002"/>
  <system-out><![CDATA[]]></system-out>
  <system-err><![CDATA[]]></system-err>
</testsuite>
