<?xml version="1.0" encoding="UTF-8"?>
<testsuite name="suite.desktop.DesktopTest" tests="2" skipped="0" failures="0" errors="0" timestamp="2023-03-30T11:27:38" hostname="DESKTOP-RFPIAC9" time="0.015">
  <properties/>
  <testcase name="addTest()" classname="suite.desktop.DesktopTest" time="0.013"/>
  <testcase name="test1()" classname="suite.desktop.DesktopTest" time="0.001"/>
  <system-out><![CDATA[]]></system-out>
  <system-err><![CDATA[]]></system-err>
</testsuite>
