<?xml version="1.0" encoding="UTF-8"?>
<testsuite name="suite.core.CoreTests" tests="1" skipped="0" failures="0" errors="0" timestamp="2023-03-30T12:14:33" hostname="laptop" time="0.023">
  <properties/>
  <testcase name="multiplicationTest()" classname="suite.core.CoreTests" time="0.023"/>
  <system-out><![CDATA[]]></system-out>
  <system-err><![CDATA[]]></system-err>
</testsuite>
