<?xml version="1.0" encoding="UTF-8"?>
<testsuite name="suite.core.CoreTests" tests="1" skipped="0" failures="0" errors="0" timestamp="2023-03-05T22:11:49" hostname="DESKTOP-026DFS6" time="0.001">
  <properties/>
  <testcase name="multiplicationTest()" classname="suite.core.CoreTests" time="0.001"/>
  <system-out><![CDATA[]]></system-out>
  <system-err><![CDATA[]]></system-err>
</testsuite>
