<?xml version="1.0" encoding="UTF-8"?>
<testsuite name="suite.desktop.DesktopTest" tests="2" skipped="0" failures="0" errors="0" timestamp="2023-03-05T22:25:51" hostname="DESKTOP-026DFS6" time="0.003">
  <properties/>
  <testcase name="addTest()" classname="suite.desktop.DesktopTest" time="0.001"/>
  <testcase name="test1()" classname="suite.desktop.DesktopTest" time="0.001"/>
  <system-out><![CDATA[]]></system-out>
  <system-err><![CDATA[]]></system-err>
</testsuite>
